Generating sdk-customer...
[info] Skip sdk-security, because only sdk-customer shall run
[info] Skip sdk-order, because only sdk-customer shall run
[info] Skip sdk-inventory, because only sdk-customer shall run
[info] Skip sdk-workorder, because only sdk-customer shall run
[info] Skip sdk-accounting, because only sdk-customer shall run
[info] Skip sdk-catalog, because only sdk-customer shall run
[info] Skip sdk-invoice, because only sdk-customer shall run
[info] Skip sdk-location, because only sdk-customer shall run
[info] Skip sdk-people, because only sdk-customer shall run
[info] Skip sdk-price, because only sdk-customer shall run
[info] Skip sdk-shop-manager, because only sdk-customer shall run
[info] Skip sdk-image, because only sdk-customer shall run
[info] Skip sdk-event-receiver, because only sdk-customer shall run
[info] Skip sdk-vehicle-fitment, because only sdk-customer shall run
[info] Skip sdk-vehicle-inventory, because only sdk-customer shall run
[info] Skip sdk-internal, because only sdk-customer shall run
[info] Skip sdk-internal-fetch, because only sdk-customer shall run
[info] Skip sdk-documents, because only sdk-customer shall run
[info] Skip sdk-inquiry, because only sdk-customer shall run
[info] Skip sdk-bulk-loader, because only sdk-customer shall run
[[sdk-customer] ../durion-positivity-backend/pos-customer/openapi.yaml] WARNING: A terminally deprecated method in sun.misc.Unsafe has been called
[[sdk-customer] ../durion-positivity-backend/pos-customer/openapi.yaml] WARNING: sun.misc.Unsafe::objectFieldOffset has been called by com.github.benmanes.caffeine.cache.UnsafeAccess (file:/home/louis-burroughs/IdeaProjects/durion-positivity-sdk-angular/node_modules/@openapitools/openapi-generator-cli/versions/7.21.0.jar)
[[sdk-customer] ../durion-positivity-backend/pos-customer/openapi.yaml] WARNING: Please consider reporting this to the maintainers of class com.github.benmanes.caffeine.cache.UnsafeAccess
[[sdk-customer] ../durion-positivity-backend/pos-customer/openapi.yaml] WARNING: sun.misc.Unsafe::objectFieldOffset will be removed in a future release
[[sdk-customer] ../durion-positivity-backend/pos-customer/openapi.yaml] [main] WARN  o.o.codegen.DefaultCodegen - OpenAPI 3.1 support is still in beta. To report an issue related to 3.1 spec, please kindly open an issue in the Github repo: https://github.com/openAPITools/openapi-generator.
[[sdk-customer] ../durion-positivity-backend/pos-customer/openapi.yaml] [main] INFO  o.o.codegen.DefaultGenerator - Generating with dryRun=false
[[sdk-customer] ../durion-positivity-backend/pos-customer/openapi.yaml] [main] INFO  o.o.codegen.DefaultGenerator - OpenAPI Generator: typescript-angular (client)
[[sdk-customer] ../durion-positivity-backend/pos-customer/openapi.yaml] [main] INFO  o.o.codegen.DefaultGenerator - Generator 'typescript-angular' is considered stable.
[[sdk-customer] ../durion-positivity-backend/pos-customer/openapi.yaml] [main] INFO  o.o.c.l.AbstractTypeScriptClientCodegen - Hint: Environment variable 'TS_POST_PROCESS_FILE' (optional) not defined. E.g. to format the source code, please try 'export TS_POST_PROCESS_FILE="/usr/local/bin/prettier --write"' (Linux/Mac)
[[sdk-customer] ../durion-positivity-backend/pos-customer/openapi.yaml] [main] INFO  o.o.c.l.AbstractTypeScriptClientCodegen - Note: To enable file post-processing, 'enablePostProcessFile' must be set to `true` (--enable-post-process-file for CLI).
[[sdk-customer] ../durion-positivity-backend/pos-customer/openapi.yaml] [main] WARN  o.o.codegen.DefaultCodegen - OpenAPI 3.1 support is still in beta. To report an issue related to 3.1 spec, please kindly open an issue in the Github repo: https://github.com/openAPITools/openapi-generator.
[[sdk-customer] ../durion-positivity-backend/pos-customer/openapi.yaml] [main] INFO  o.o.codegen.TemplateManager - writing file /home/louis-burroughs/IdeaProjects/durion-positivity-sdk-angular/packages/sdk-customer/src/models/./accountSummary.ts
[[sdk-customer] ../durion-positivity-backend/pos-customer/openapi.yaml] [main] INFO  o.o.codegen.TemplateManager - writing file /home/louis-burroughs/IdeaProjects/durion-positivity-sdk-angular/packages/sdk-customer/src/models/./assignedRole.ts
[[sdk-customer] ../durion-positivity-backend/pos-customer/openapi.yaml] [main] INFO  o.o.codegen.TemplateManager - writing file /home/louis-burroughs/IdeaProjects/durion-positivity-sdk-angular/packages/sdk-customer/src/models/./billingPreferences.ts
[[sdk-customer] ../durion-positivity-backend/pos-customer/openapi.yaml] [main] INFO  o.o.codegen.TemplateManager - writing file /home/louis-burroughs/IdeaProjects/durion-positivity-sdk-angular/packages/sdk-customer/src/models/./billingRuleRef.ts
[[sdk-customer] ../durion-positivity-backend/pos-customer/openapi.yaml] [main] INFO  o.o.codegen.TemplateManager - writing file /home/louis-burroughs/IdeaProjects/durion-positivity-sdk-angular/packages/sdk-customer/src/models/./billingTermsRef.ts
[[sdk-customer] ../durion-positivity-backend/pos-customer/openapi.yaml] [main] INFO  o.o.codegen.TemplateManager - writing file /home/louis-burroughs/IdeaProjects/durion-positivity-sdk-angular/packages/sdk-customer/src/models/./bulkIngestRequestCustomerBulkIngestRecord.ts
[[sdk-customer] ../durion-positivity-backend/pos-customer/openapi.yaml] [main] INFO  o.o.codegen.TemplateManager - writing file /home/louis-burroughs/IdeaProjects/durion-positivity-sdk-angular/packages/sdk-customer/src/models/./bulkIngestResponse.ts
[[sdk-customer] ../durion-positivity-backend/pos-customer/openapi.yaml] [main] INFO  o.o.codegen.TemplateManager - writing file /home/louis-burroughs/IdeaProjects/durion-positivity-sdk-angular/packages/sdk-customer/src/models/./bulkIngestResult.ts
[[sdk-customer] ../durion-positivity-backend/pos-customer/openapi.yaml] [main] INFO  o.o.codegen.TemplateManager - writing file /home/louis-burroughs/IdeaProjects/durion-positivity-sdk-angular/packages/sdk-customer/src/models/./contactPointDto.ts
[[sdk-customer] ../durion-positivity-backend/pos-customer/openapi.yaml] [main] INFO  o.o.codegen.TemplateManager - writing file /home/louis-burroughs/IdeaProjects/durion-positivity-sdk-angular/packages/sdk-customer/src/models/./contactPreferences.ts
[[sdk-customer] ../durion-positivity-backend/pos-customer/openapi.yaml] [main] INFO  o.o.codegen.TemplateManager - writing file /home/louis-burroughs/IdeaProjects/durion-positivity-sdk-angular/packages/sdk-customer/src/models/./contactSummary.ts
[[sdk-customer] ../durion-positivity-backend/pos-customer/openapi.yaml] [main] INFO  o.o.codegen.TemplateManager - writing file /home/louis-burroughs/IdeaProjects/durion-positivity-sdk-angular/packages/sdk-customer/src/models/./contactWithRole.ts
[[sdk-customer] ../durion-positivity-backend/pos-customer/openapi.yaml] [main] INFO  o.o.codegen.TemplateManager - writing file /home/louis-burroughs/IdeaProjects/durion-positivity-sdk-angular/packages/sdk-customer/src/models/./contactWithRoles.ts
[[sdk-customer] ../durion-positivity-backend/pos-customer/openapi.yaml] [main] INFO  o.o.codegen.TemplateManager - writing file /home/louis-burroughs/IdeaProjects/durion-positivity-sdk-angular/packages/sdk-customer/src/models/./createCommercialAccountRequest.ts
[[sdk-customer] ../durion-positivity-backend/pos-customer/openapi.yaml] [main] INFO  o.o.codegen.TemplateManager - writing file /home/louis-burroughs/IdeaProjects/durion-positivity-sdk-angular/packages/sdk-customer/src/models/./createCommercialAccountResponse.ts
[[sdk-customer] ../durion-positivity-backend/pos-customer/openapi.yaml] [main] INFO  o.o.codegen.TemplateManager - writing file /home/louis-burroughs/IdeaProjects/durion-positivity-sdk-angular/packages/sdk-customer/src/models/./createPartyRelationshipRequest.ts
[[sdk-customer] ../durion-positivity-backend/pos-customer/openapi.yaml] [main] INFO  o.o.codegen.TemplateManager - writing file /home/louis-burroughs/IdeaProjects/durion-positivity-sdk-angular/packages/sdk-customer/src/models/./createPartyRelationshipResponse.ts
[[sdk-customer] ../durion-positivity-backend/pos-customer/openapi.yaml] [main] INFO  o.o.codegen.TemplateManager - writing file /home/louis-burroughs/IdeaProjects/durion-positivity-sdk-angular/packages/sdk-customer/src/models/./createPersonRequest.ts
[[sdk-customer] ../durion-positivity-backend/pos-customer/openapi.yaml] [main] INFO  o.o.codegen.TemplateManager - writing file /home/louis-burroughs/IdeaProjects/durion-positivity-sdk-angular/packages/sdk-customer/src/models/./createPersonResponse.ts
[[sdk-customer] ../durion-positivity-backend/pos-customer/openapi.yaml] [main] INFO  o.o.codegen.TemplateManager - writing file /home/louis-burroughs/IdeaProjects/durion-positivity-sdk-angular/packages/sdk-customer/src/models/./createVehicleForPartyRequest.ts
[[sdk-customer] ../durion-positivity-backend/pos-customer/openapi.yaml] [main] INFO  o.o.codegen.TemplateManager - writing file /home/louis-burroughs/IdeaProjects/durion-positivity-sdk-angular/packages/sdk-customer/src/models/./createVehicleForPartyResponse.ts
[[sdk-customer] ../durion-positivity-backend/pos-customer/openapi.yaml] [main] INFO  o.o.codegen.TemplateManager - writing file /home/louis-burroughs/IdeaProjects/durion-positivity-sdk-angular/packages/sdk-customer/src/models/./crmSnapshotDTO.ts
[[sdk-customer] ../durion-positivity-backend/pos-customer/openapi.yaml] [main] INFO  o.o.codegen.TemplateManager - writing file /home/louis-burroughs/IdeaProjects/durion-positivity-sdk-angular/packages/sdk-customer/src/models/./customerBulkIngestRecord.ts
[[sdk-customer] ../durion-positivity-backend/pos-customer/openapi.yaml] [main] INFO  o.o.codegen.TemplateManager - writing file /home/louis-burroughs/IdeaProjects/durion-positivity-sdk-angular/packages/sdk-customer/src/models/./customerDTO.ts
[[sdk-customer] ../durion-positivity-backend/pos-customer/openapi.yaml] [main] INFO  o.o.codegen.TemplateManager - writing file /home/louis-burroughs/IdeaProjects/durion-positivity-sdk-angular/packages/sdk-customer/src/models/./duplicateCandidate.ts
[[sdk-customer] ../durion-positivity-backend/pos-customer/openapi.yaml] [main] INFO  o.o.codegen.TemplateManager - writing file /home/louis-burroughs/IdeaProjects/durion-positivity-sdk-angular/packages/sdk-customer/src/models/./duplicateCheckResponse.ts
[[sdk-customer] ../durion-positivity-backend/pos-customer/openapi.yaml] [main] INFO  o.o.codegen.TemplateManager - writing file /home/louis-burroughs/IdeaProjects/durion-positivity-sdk-angular/packages/sdk-customer/src/models/./emailAddressDTO.ts
[[sdk-customer] ../durion-positivity-backend/pos-customer/openapi.yaml] [main] INFO  o.o.codegen.TemplateManager - writing file /home/louis-burroughs/IdeaProjects/durion-positivity-sdk-angular/packages/sdk-customer/src/models/./emailInput.ts
[[sdk-customer] ../durion-positivity-backend/pos-customer/openapi.yaml] [main] INFO  o.o.codegen.TemplateManager - writing file /home/louis-burroughs/IdeaProjects/durion-positivity-sdk-angular/packages/sdk-customer/src/models/./getAccountTierResponse.ts
[[sdk-customer] ../durion-positivity-backend/pos-customer/openapi.yaml] [main] INFO  o.o.codegen.TemplateManager - writing file /home/louis-burroughs/IdeaProjects/durion-positivity-sdk-angular/packages/sdk-customer/src/models/./getCommercialAccountContactsResponse.ts
[[sdk-customer] ../durion-positivity-backend/pos-customer/openapi.yaml] [main] INFO  o.o.codegen.TemplateManager - writing file /home/louis-burroughs/IdeaProjects/durion-positivity-sdk-angular/packages/sdk-customer/src/models/./getCommunicationPreferencesResponse.ts
[[sdk-customer] ../durion-positivity-backend/pos-customer/openapi.yaml] [main] INFO  o.o.codegen.TemplateManager - writing file /home/louis-burroughs/IdeaProjects/durion-positivity-sdk-angular/packages/sdk-customer/src/models/./getContactsWithRolesResponse.ts
[[sdk-customer] ../durion-positivity-backend/pos-customer/openapi.yaml] [main] INFO  o.o.codegen.TemplateManager - writing file /home/louis-burroughs/IdeaProjects/durion-positivity-sdk-angular/packages/sdk-customer/src/models/./getPartyResponse.ts
[[sdk-customer] ../durion-positivity-backend/pos-customer/openapi.yaml] [main] INFO  o.o.codegen.TemplateManager - writing file /home/louis-burroughs/IdeaProjects/durion-positivity-sdk-angular/packages/sdk-customer/src/models/./getPersonResponse.ts
[[sdk-customer] ../durion-positivity-backend/pos-customer/openapi.yaml] [main] INFO  o.o.codegen.TemplateManager - writing file /home/louis-burroughs/IdeaProjects/durion-positivity-sdk-angular/packages/sdk-customer/src/models/./individualDetails.ts
[[sdk-customer] ../durion-positivity-backend/pos-customer/openapi.yaml] [main] INFO  o.o.codegen.TemplateManager - writing file /home/louis-burroughs/IdeaProjects/durion-positivity-sdk-angular/packages/sdk-customer/src/models/./mergePartiesRequest.ts
[[sdk-customer] ../durion-positivity-backend/pos-customer/openapi.yaml] [main] INFO  o.o.codegen.TemplateManager - writing file /home/louis-burroughs/IdeaProjects/durion-positivity-sdk-angular/packages/sdk-customer/src/models/./mergePartiesResponse.ts
[[sdk-customer] ../durion-positivity-backend/pos-customer/openapi.yaml] [main] INFO  o.o.codegen.TemplateManager - writing file /home/louis-burroughs/IdeaProjects/durion-positivity-sdk-angular/packages/sdk-customer/src/models/./pageCustomerDTO.ts
[[sdk-customer] ../durion-positivity-backend/pos-customer/openapi.yaml] [main] INFO  o.o.codegen.TemplateManager - writing file /home/louis-burroughs/IdeaProjects/durion-positivity-sdk-angular/packages/sdk-customer/src/models/./pageable.ts
[[sdk-customer] ../durion-positivity-backend/pos-customer/openapi.yaml] [main] INFO  o.o.codegen.TemplateManager - writing file /home/louis-burroughs/IdeaProjects/durion-positivity-sdk-angular/packages/sdk-customer/src/models/./pageableObject.ts
[[sdk-customer] ../durion-positivity-backend/pos-customer/openapi.yaml] [main] INFO  o.o.codegen.TemplateManager - writing file /home/louis-burroughs/IdeaProjects/durion-positivity-sdk-angular/packages/sdk-customer/src/models/./partyMatch.ts
[[sdk-customer] ../durion-positivity-backend/pos-customer/openapi.yaml] [main] INFO  o.o.codegen.TemplateManager - writing file /home/louis-burroughs/IdeaProjects/durion-positivity-sdk-angular/packages/sdk-customer/src/models/./partySummary.ts
[[sdk-customer] ../durion-positivity-backend/pos-customer/openapi.yaml] [main] INFO  o.o.codegen.TemplateManager - writing file /home/louis-burroughs/IdeaProjects/durion-positivity-sdk-angular/packages/sdk-customer/src/models/./phoneInput.ts
[[sdk-customer] ../durion-positivity-backend/pos-customer/openapi.yaml] [main] INFO  o.o.codegen.TemplateManager - writing file /home/louis-burroughs/IdeaProjects/durion-positivity-sdk-angular/packages/sdk-customer/src/models/./phoneNumberDTO.ts
[[sdk-customer] ../durion-positivity-backend/pos-customer/openapi.yaml] [main] INFO  o.o.codegen.TemplateManager - writing file /home/louis-burroughs/IdeaProjects/durion-positivity-sdk-angular/packages/sdk-customer/src/models/./promotionRedemptionResponse.ts
[[sdk-customer] ../durion-positivity-backend/pos-customer/openapi.yaml] [main] INFO  o.o.codegen.TemplateManager - writing file /home/louis-burroughs/IdeaProjects/durion-positivity-sdk-angular/packages/sdk-customer/src/models/./recordRedemptionRequest.ts
[[sdk-customer] ../durion-positivity-backend/pos-customer/openapi.yaml] [main] INFO  o.o.codegen.TemplateManager - writing file /home/louis-burroughs/IdeaProjects/durion-positivity-sdk-angular/packages/sdk-customer/src/models/./resolveAccountTierRequest.ts
[[sdk-customer] ../durion-positivity-backend/pos-customer/openapi.yaml] [main] INFO  o.o.codegen.TemplateManager - writing file /home/louis-burroughs/IdeaProjects/durion-positivity-sdk-angular/packages/sdk-customer/src/models/./resolveAccountTierResponse.ts
[[sdk-customer] ../durion-positivity-backend/pos-customer/openapi.yaml] [main] INFO  o.o.codegen.TemplateManager - writing file /home/louis-burroughs/IdeaProjects/durion-positivity-sdk-angular/packages/sdk-customer/src/models/./roleAssignment.ts
[[sdk-customer] ../durion-positivity-backend/pos-customer/openapi.yaml] [main] INFO  o.o.codegen.TemplateManager - writing file /home/louis-burroughs/IdeaProjects/durion-positivity-sdk-angular/packages/sdk-customer/src/models/./searchPartiesRequest.ts
[[sdk-customer] ../durion-positivity-backend/pos-customer/openapi.yaml] [main] INFO  o.o.codegen.TemplateManager - writing file /home/louis-burroughs/IdeaProjects/durion-positivity-sdk-angular/packages/sdk-customer/src/models/./searchPartiesResponse.ts
[[sdk-customer] ../durion-positivity-backend/pos-customer/openapi.yaml] [main] INFO  o.o.codegen.TemplateManager - writing file /home/louis-burroughs/IdeaProjects/durion-positivity-sdk-angular/packages/sdk-customer/src/models/./snapshotMetadata.ts
[[sdk-customer] ../durion-positivity-backend/pos-customer/openapi.yaml] [main] INFO  o.o.codegen.TemplateManager - writing file /home/louis-burroughs/IdeaProjects/durion-positivity-sdk-angular/packages/sdk-customer/src/models/./sortObject.ts
[[sdk-customer] ../durion-positivity-backend/pos-customer/openapi.yaml] [main] INFO  o.o.codegen.TemplateManager - writing file /home/louis-burroughs/IdeaProjects/durion-positivity-sdk-angular/packages/sdk-customer/src/models/./updateContactRolesRequest.ts
[[sdk-customer] ../durion-positivity-backend/pos-customer/openapi.yaml] [main] INFO  o.o.codegen.TemplateManager - writing file /home/louis-burroughs/IdeaProjects/durion-positivity-sdk-angular/packages/sdk-customer/src/models/./updateContactRolesResponse.ts
[[sdk-customer] ../durion-positivity-backend/pos-customer/openapi.yaml] [main] INFO  o.o.codegen.TemplateManager - writing file /home/louis-burroughs/IdeaProjects/durion-positivity-sdk-angular/packages/sdk-customer/src/models/./upsertBillingRulesRequest.ts
[[sdk-customer] ../durion-positivity-backend/pos-customer/openapi.yaml] [main] INFO  o.o.codegen.TemplateManager - writing file /home/louis-burroughs/IdeaProjects/durion-positivity-sdk-angular/packages/sdk-customer/src/models/./upsertCommunicationPreferencesRequest.ts
[[sdk-customer] ../durion-positivity-backend/pos-customer/openapi.yaml] [main] INFO  o.o.codegen.TemplateManager - writing file /home/louis-burroughs/IdeaProjects/durion-positivity-sdk-angular/packages/sdk-customer/src/models/./upsertCommunicationPreferencesResponse.ts
[[sdk-customer] ../durion-positivity-backend/pos-customer/openapi.yaml] [main] INFO  o.o.codegen.TemplateManager - writing file /home/louis-burroughs/IdeaProjects/durion-positivity-sdk-angular/packages/sdk-customer/src/models/./vehicleResponse.ts
[[sdk-customer] ../durion-positivity-backend/pos-customer/openapi.yaml] [main] INFO  o.o.codegen.TemplateManager - writing file /home/louis-burroughs/IdeaProjects/durion-positivity-sdk-angular/packages/sdk-customer/src/models/./vehicleSummary.ts
[[sdk-customer] ../durion-positivity-backend/pos-customer/openapi.yaml] [main] INFO  o.o.codegen.TemplateManager - writing file /home/louis-burroughs/IdeaProjects/durion-positivity-sdk-angular/packages/sdk-customer/src/models/./vehicleTransferRequest.ts
[[sdk-customer] ../durion-positivity-backend/pos-customer/openapi.yaml] [main] INFO  o.o.codegen.TemplateManager - writing file /home/louis-burroughs/IdeaProjects/durion-positivity-sdk-angular/packages/sdk-customer/src/apis/cRMAccounts.service.ts
[[sdk-customer] ../durion-positivity-backend/pos-customer/openapi.yaml] [main] INFO  o.o.codegen.TemplateManager - writing file /home/louis-burroughs/IdeaProjects/durion-positivity-sdk-angular/packages/sdk-customer/src/apis/cRMCommunicationPreferences.service.ts
[[sdk-customer] ../durion-positivity-backend/pos-customer/openapi.yaml] [main] INFO  o.o.codegen.TemplateManager - writing file /home/louis-burroughs/IdeaProjects/durion-positivity-sdk-angular/packages/sdk-customer/src/apis/cRMContacts.service.ts
[[sdk-customer] ../durion-positivity-backend/pos-customer/openapi.yaml] [main] INFO  o.o.codegen.TemplateManager - writing file /home/louis-burroughs/IdeaProjects/durion-positivity-sdk-angular/packages/sdk-customer/src/apis/cRMPartyRelationships.service.ts
[[sdk-customer] ../durion-positivity-backend/pos-customer/openapi.yaml] [main] INFO  o.o.codegen.TemplateManager - writing file /home/louis-burroughs/IdeaProjects/durion-positivity-sdk-angular/packages/sdk-customer/src/apis/cRMPersons.service.ts
[[sdk-customer] ../durion-positivity-backend/pos-customer/openapi.yaml] [main] INFO  o.o.codegen.TemplateManager - writing file /home/louis-burroughs/IdeaProjects/durion-positivity-sdk-angular/packages/sdk-customer/src/apis/cRMSnapshots.service.ts
[[sdk-customer] ../durion-positivity-backend/pos-customer/openapi.yaml] [main] INFO  o.o.codegen.TemplateManager - writing file /home/louis-burroughs/IdeaProjects/durion-positivity-sdk-angular/packages/sdk-customer/src/apis/cRMVehicles.service.ts
[[sdk-customer] ../durion-positivity-backend/pos-customer/openapi.yaml] [main] INFO  o.o.codegen.TemplateManager - writing file /home/louis-burroughs/IdeaProjects/durion-positivity-sdk-angular/packages/sdk-customer/src/apis/customerAPI.service.ts
[[sdk-customer] ../durion-positivity-backend/pos-customer/openapi.yaml] [main] INFO  o.o.codegen.TemplateManager - writing file /home/louis-burroughs/IdeaProjects/durion-positivity-sdk-angular/packages/sdk-customer/src/apis/customerBulkIngestAPI.service.ts
[[sdk-customer] ../durion-positivity-backend/pos-customer/openapi.yaml] [main] INFO  o.o.codegen.TemplateManager - writing file /home/louis-burroughs/IdeaProjects/durion-positivity-sdk-angular/packages/sdk-customer/src/apis/promotionRedemptions.service.ts
[[sdk-customer] ../durion-positivity-backend/pos-customer/openapi.yaml] [main] INFO  o.o.codegen.TemplateManager - writing file /home/louis-burroughs/IdeaProjects/durion-positivity-sdk-angular/packages/sdk-customer/src/models/models.ts
[[sdk-customer] ../durion-positivity-backend/pos-customer/openapi.yaml] [main] INFO  o.o.codegen.TemplateManager - writing file /home/louis-burroughs/IdeaProjects/durion-positivity-sdk-angular/packages/sdk-customer/src/apis/api.ts
[[sdk-customer] ../durion-positivity-backend/pos-customer/openapi.yaml] [main] INFO  o.o.codegen.TemplateManager - writing file /home/louis-burroughs/IdeaProjects/durion-positivity-sdk-angular/packages/sdk-customer/index.ts
[[sdk-customer] ../durion-positivity-backend/pos-customer/openapi.yaml] [main] INFO  o.o.codegen.TemplateManager - writing file /home/louis-burroughs/IdeaProjects/durion-positivity-sdk-angular/packages/sdk-customer/api.module.ts
[[sdk-customer] ../durion-positivity-backend/pos-customer/openapi.yaml] [main] INFO  o.o.codegen.TemplateManager - writing file /home/louis-burroughs/IdeaProjects/durion-positivity-sdk-angular/packages/sdk-customer/provide-api.ts
[[sdk-customer] ../durion-positivity-backend/pos-customer/openapi.yaml] [main] INFO  o.o.codegen.TemplateManager - writing file /home/louis-burroughs/IdeaProjects/durion-positivity-sdk-angular/packages/sdk-customer/configuration.ts
[[sdk-customer] ../durion-positivity-backend/pos-customer/openapi.yaml] [main] INFO  o.o.codegen.TemplateManager - writing file /home/louis-burroughs/IdeaProjects/durion-positivity-sdk-angular/packages/sdk-customer/api.base.service.ts
[[sdk-customer] ../durion-positivity-backend/pos-customer/openapi.yaml] [main] INFO  o.o.codegen.TemplateManager - writing file /home/louis-burroughs/IdeaProjects/durion-positivity-sdk-angular/packages/sdk-customer/variables.ts
[[sdk-customer] ../durion-positivity-backend/pos-customer/openapi.yaml] [main] INFO  o.o.codegen.TemplateManager - writing file /home/louis-burroughs/IdeaProjects/durion-positivity-sdk-angular/packages/sdk-customer/encoder.ts
[[sdk-customer] ../durion-positivity-backend/pos-customer/openapi.yaml] [main] INFO  o.o.codegen.TemplateManager - writing file /home/louis-burroughs/IdeaProjects/durion-positivity-sdk-angular/packages/sdk-customer/param.ts
[[sdk-customer] ../durion-positivity-backend/pos-customer/openapi.yaml] [main] INFO  o.o.codegen.TemplateManager - writing file /home/louis-burroughs/IdeaProjects/durion-positivity-sdk-angular/packages/sdk-customer/.gitignore
[[sdk-customer] ../durion-positivity-backend/pos-customer/openapi.yaml] [main] INFO  o.o.codegen.TemplateManager - writing file /home/louis-burroughs/IdeaProjects/durion-positivity-sdk-angular/packages/sdk-customer/git_push.sh
[[sdk-customer] ../durion-positivity-backend/pos-customer/openapi.yaml] [main] INFO  o.o.codegen.TemplateManager - writing file /home/louis-burroughs/IdeaProjects/durion-positivity-sdk-angular/packages/sdk-customer/query.params.ts
[[sdk-customer] ../durion-positivity-backend/pos-customer/openapi.yaml] [main] INFO  o.o.codegen.TemplateManager - writing file /home/louis-burroughs/IdeaProjects/durion-positivity-sdk-angular/packages/sdk-customer/README.md
[[sdk-customer] ../durion-positivity-backend/pos-customer/openapi.yaml] [main] INFO  o.o.codegen.TemplateManager - writing file /home/louis-burroughs/IdeaProjects/durion-positivity-sdk-angular/packages/sdk-customer/ng-package.json
[[sdk-customer] ../durion-positivity-backend/pos-customer/openapi.yaml] [main] INFO  o.o.codegen.TemplateManager - writing file /home/louis-burroughs/IdeaProjects/durion-positivity-sdk-angular/packages/sdk-customer/package.json
[[sdk-customer] ../durion-positivity-backend/pos-customer/openapi.yaml] [main] INFO  o.o.codegen.TemplateManager - writing file /home/louis-burroughs/IdeaProjects/durion-positivity-sdk-angular/packages/sdk-customer/tsconfig.json
[[sdk-customer] ../durion-positivity-backend/pos-customer/openapi.yaml] [main] INFO  o.o.codegen.TemplateManager - Skipped /home/louis-burroughs/IdeaProjects/durion-positivity-sdk-angular/packages/sdk-customer/.openapi-generator-ignore (Skipped by supportingFiles options supplied by user.)
[[sdk-customer] ../durion-positivity-backend/pos-customer/openapi.yaml] [main] INFO  o.o.codegen.TemplateManager - writing file /home/louis-burroughs/IdeaProjects/durion-positivity-sdk-angular/packages/sdk-customer/.openapi-generator/VERSION
[[sdk-customer] ../durion-positivity-backend/pos-customer/openapi.yaml] [main] INFO  o.o.codegen.TemplateManager - writing file /home/louis-burroughs/IdeaProjects/durion-positivity-sdk-angular/packages/sdk-customer/.openapi-generator/FILES
[[sdk-customer] ../durion-positivity-backend/pos-customer/openapi.yaml] ############################################################################################
[[sdk-customer] ../durion-positivity-backend/pos-customer/openapi.yaml] # Thanks for using OpenAPI Generator.                                                      #
[[sdk-customer] ../durion-positivity-backend/pos-customer/openapi.yaml] # We appreciate your support! Please consider donation to help us maintain this project.   #
[[sdk-customer] ../durion-positivity-backend/pos-customer/openapi.yaml] # https://opencollective.com/openapi_generator/donate                                      #
[[sdk-customer] ../durion-positivity-backend/pos-customer/openapi.yaml] ############################################################################################
[[sdk-customer] ../durion-positivity-backend/pos-customer/openapi.yaml] java -jar "/home/louis-burroughs/IdeaProjects/durion-positivity-sdk-angular/node_modules/@openapitools/openapi-generator-cli/versions/7.21.0.jar" generate --input-spec="../durion-positivity-backend/pos-customer/openapi.yaml" --generator-name="typescript-angular" --output="packages/sdk-customer" --additional-properties="npmName=@durion-sdk/customer,npmVersion=0.1.0-alpha,ngVersion=21,providedIn=root,supportsES6=true,stringEnums=true,withSeparateModelsAndApi=true,modelPackage=src/models,apiPackage=src/apis,gitUserId=louisburroughs,gitRepoId=durion-positivity-sdk-angular" --template-dir="templates/typescript-angular" exited with code 0
[sdk-customer] ../durion-positivity-backend/pos-customer/openapi.yaml
Generation complete.
